*************************************************************************
[2007-09-22 10:23:40] ERROR
Server returned HTTP response code: 500 for URL: http://localhost:8081/PhotoAlbum-Web/connection
sun.net.www.protocol.http.HttpURLConnection.getInputStream(Unknown Source)
photoalbum.network.NetworkConnection.getObjectInputStream(NetworkConnection.java:92)
photoalbum.network.NetworkConnection.readObject(NetworkConnection.java:107)
photoalbum.network.NetworkConnection.exchangeData(NetworkConnection.java:79)
photoalbum.network.NetworkConnection.getAllUsers(NetworkConnection.java:124)
photoalbum.gui.frames.MainFrame.loadTree(MainFrame.java:464)
photoalbum.gui.frames.MainFrame.refreshTree(MainFrame.java:662)
photoalbum.gui.frames.MainFrame.connect(MainFrame.java:446)
photoalbum.gui.frames.MainFrame.access$0(MainFrame.java:437)
photoalbum.gui.frames.MainFrame$2.run(MainFrame.java:431)
*************************************************************************
[2007-09-22 10:23:58] ERROR
Server returned HTTP response code: 500 for URL: http://localhost:8081/PhotoAlbum-Web/connection
sun.net.www.protocol.http.HttpURLConnection.getInputStream(Unknown Source)
photoalbum.network.NetworkConnection.getObjectInputStream(NetworkConnection.java:92)
photoalbum.network.NetworkConnection.readObject(NetworkConnection.java:107)
photoalbum.network.NetworkConnection.exchangeData(NetworkConnection.java:79)
photoalbum.network.NetworkConnection.getAllUsers(NetworkConnection.java:124)
photoalbum.gui.frames.MainFrame.loadTree(MainFrame.java:464)
photoalbum.gui.frames.MainFrame.refreshTree(MainFrame.java:662)
photoalbum.gui.frames.MainFrame.actionPerformed(MainFrame.java:687)
javax.swing.AbstractButton.fireActionPerformed(Unknown Source)
javax.swing.AbstractButton$Handler.actionPerformed(Unknown Source)
javax.swing.DefaultButtonModel.fireActionPerformed(Unknown Source)
javax.swing.DefaultButtonModel.setPressed(Unknown Source)
javax.swing.plaf.basic.BasicButtonListener.mouseReleased(Unknown Source)
java.awt.Component.processMouseEvent(Unknown Source)
javax.swing.JComponent.processMouseEvent(Unknown Source)
java.awt.Component.processEvent(Unknown Source)
java.awt.Container.processEvent(Unknown Source)
java.awt.Component.dispatchEventImpl(Unknown Source)
java.awt.Container.dispatchEventImpl(Unknown Source)
java.awt.Component.dispatchEvent(Unknown Source)
java.awt.LightweightDispatcher.retargetMouseEvent(Unknown Source)
java.awt.LightweightDispatcher.processMouseEvent(Unknown Source)
java.awt.LightweightDispatcher.dispatchEvent(Unknown Source)
java.awt.Container.dispatchEventImpl(Unknown Source)
java.awt.Window.dispatchEventImpl(Unknown Source)
java.awt.Component.dispatchEvent(Unknown Source)
java.awt.EventQueue.dispatchEvent(Unknown Source)
java.awt.EventDispatchThread.pumpOneEventForFilters(Unknown Source)
java.awt.EventDispatchThread.pumpEventsForFilter(Unknown Source)
java.awt.EventDispatchThread.pumpEventsForHierarchy(Unknown Source)
java.awt.EventDispatchThread.pumpEvents(Unknown Source)
java.awt.EventDispatchThread.pumpEvents(Unknown Source)
java.awt.EventDispatchThread.run(Unknown Source)
*************************************************************************
[2007-09-22 10:25:09] ERROR
Server returned HTTP response code: 500 for URL: http://localhost:8081/PhotoAlbum-Web/connection
sun.net.www.protocol.http.HttpURLConnection.getInputStream(Unknown Source)
photoalbum.network.NetworkConnection.getObjectInputStream(NetworkConnection.java:92)
photoalbum.network.NetworkConnection.readObject(NetworkConnection.java:107)
photoalbum.network.NetworkConnection.exchangeData(NetworkConnection.java:79)
photoalbum.network.NetworkConnection.getAllUsers(NetworkConnection.java:124)
photoalbum.gui.frames.MainFrame.loadTree(MainFrame.java:464)
photoalbum.gui.frames.MainFrame.refreshTree(MainFrame.java:662)
photoalbum.gui.frames.MainFrame.connect(MainFrame.java:446)
photoalbum.gui.frames.MainFrame.access$0(MainFrame.java:437)
photoalbum.gui.frames.MainFrame$2.run(MainFrame.java:431)
*************************************************************************
[2007-09-22 10:25:14] ERROR
Server returned HTTP response code: 500 for URL: http://localhost:8081/PhotoAlbum-Web/connection
sun.net.www.protocol.http.HttpURLConnection.getInputStream(Unknown Source)
photoalbum.network.NetworkConnection.getObjectInputStream(NetworkConnection.java:92)
photoalbum.network.NetworkConnection.readObject(NetworkConnection.java:107)
photoalbum.network.NetworkConnection.exchangeData(NetworkConnection.java:79)
photoalbum.network.NetworkConnection.getAllUsers(NetworkConnection.java:124)
photoalbum.gui.frames.MainFrame.loadTree(MainFrame.java:464)
photoalbum.gui.frames.MainFrame.refreshTree(MainFrame.java:662)
photoalbum.gui.frames.MainFrame.actionPerformed(MainFrame.java:687)
javax.swing.AbstractButton.fireActionPerformed(Unknown Source)
javax.swing.AbstractButton$Handler.actionPerformed(Unknown Source)
javax.swing.DefaultButtonModel.fireActionPerformed(Unknown Source)
javax.swing.DefaultButtonModel.setPressed(Unknown Source)
javax.swing.plaf.basic.BasicButtonListener.mouseReleased(Unknown Source)
java.awt.Component.processMouseEvent(Unknown Source)
javax.swing.JComponent.processMouseEvent(Unknown Source)
java.awt.Component.processEvent(Unknown Source)
java.awt.Container.processEvent(Unknown Source)
java.awt.Component.dispatchEventImpl(Unknown Source)
java.awt.Container.dispatchEventImpl(Unknown Source)
java.awt.Component.dispatchEvent(Unknown Source)
java.awt.LightweightDispatcher.retargetMouseEvent(Unknown Source)
java.awt.LightweightDispatcher.processMouseEvent(Unknown Source)
java.awt.LightweightDispatcher.dispatchEvent(Unknown Source)
java.awt.Container.dispatchEventImpl(Unknown Source)
java.awt.Window.dispatchEventImpl(Unknown Source)
java.awt.Component.dispatchEvent(Unknown Source)
java.awt.EventQueue.dispatchEvent(Unknown Source)
java.awt.EventDispatchThread.pumpOneEventForFilters(Unknown Source)
java.awt.EventDispatchThread.pumpEventsForFilter(Unknown Source)
java.awt.EventDispatchThread.pumpEventsForHierarchy(Unknown Source)
java.awt.EventDispatchThread.pumpEvents(Unknown Source)
java.awt.EventDispatchThread.pumpEvents(Unknown Source)
java.awt.EventDispatchThread.run(Unknown Source)
*************************************************************************
[2007-09-22 10:25:15] ERROR
Server returned HTTP response code: 500 for URL: http://localhost:8081/PhotoAlbum-Web/connection
sun.net.www.protocol.http.HttpURLConnection.getInputStream(Unknown Source)
photoalbum.network.NetworkConnection.getObjectInputStream(NetworkConnection.java:92)
photoalbum.network.NetworkConnection.readObject(NetworkConnection.java:107)
photoalbum.network.NetworkConnection.exchangeData(NetworkConnection.java:79)
photoalbum.network.NetworkConnection.getAllUsers(NetworkConnection.java:124)
photoalbum.gui.frames.MainFrame.loadTree(MainFrame.java:464)
photoalbum.gui.frames.MainFrame.refreshTree(MainFrame.java:662)
photoalbum.gui.frames.MainFrame.actionPerformed(MainFrame.java:687)
javax.swing.AbstractButton.fireActionPerformed(Unknown Source)
javax.swing.AbstractButton$Handler.actionPerformed(Unknown Source)
javax.swing.DefaultButtonModel.fireActionPerformed(Unknown Source)
javax.swing.DefaultButtonModel.setPressed(Unknown Source)
javax.swing.plaf.basic.BasicButtonListener.mouseReleased(Unknown Source)
java.awt.Component.processMouseEvent(Unknown Source)
javax.swing.JComponent.processMouseEvent(Unknown Source)
java.awt.Component.processEvent(Unknown Source)
java.awt.Container.processEvent(Unknown Source)
java.awt.Component.dispatchEventImpl(Unknown Source)
java.awt.Container.dispatchEventImpl(Unknown Source)
java.awt.Component.dispatchEvent(Unknown Source)
java.awt.LightweightDispatcher.retargetMouseEvent(Unknown Source)
java.awt.LightweightDispatcher.processMouseEvent(Unknown Source)
java.awt.LightweightDispatcher.dispatchEvent(Unknown Source)
java.awt.Container.dispatchEventImpl(Unknown Source)
java.awt.Window.dispatchEventImpl(Unknown Source)
java.awt.Component.dispatchEvent(Unknown Source)
java.awt.EventQueue.dispatchEvent(Unknown Source)
java.awt.EventDispatchThread.pumpOneEventForFilters(Unknown Source)
java.awt.EventDispatchThread.pumpEventsForFilter(Unknown Source)
java.awt.EventDispatchThread.pumpEventsForHierarchy(Unknown Source)
java.awt.EventDispatchThread.pumpEvents(Unknown Source)
java.awt.EventDispatchThread.pumpEvents(Unknown Source)
java.awt.EventDispatchThread.run(Unknown Source)
*************************************************************************
[2007-09-22 10:25:44] ERROR
Server returned HTTP response code: 500 for URL: http://localhost:8081/PhotoAlbum-Web/connection
sun.net.www.protocol.http.HttpURLConnection.getInputStream(Unknown Source)
photoalbum.network.NetworkConnection.getObjectInputStream(NetworkConnection.java:92)
photoalbum.network.NetworkConnection.readObject(NetworkConnection.java:107)
photoalbum.network.NetworkConnection.exchangeData(NetworkConnection.java:79)
photoalbum.network.NetworkConnection.getAllUsers(NetworkConnection.java:124)
photoalbum.gui.frames.MainFrame.loadTree(MainFrame.java:464)
photoalbum.gui.frames.MainFrame.refreshTree(MainFrame.java:662)
photoalbum.gui.frames.MainFrame.actionPerformed(MainFrame.java:687)
javax.swing.AbstractButton.fireActionPerformed(Unknown Source)
javax.swing.AbstractButton$Handler.actionPerformed(Unknown Source)
javax.swing.DefaultButtonModel.fireActionPerformed(Unknown Source)
javax.swing.DefaultButtonModel.setPressed(Unknown Source)
javax.swing.plaf.basic.BasicButtonListener.mouseReleased(Unknown Source)
java.awt.Component.processMouseEvent(Unknown Source)
javax.swing.JComponent.processMouseEvent(Unknown Source)
java.awt.Component.processEvent(Unknown Source)
java.awt.Container.processEvent(Unknown Source)
java.awt.Component.dispatchEventImpl(Unknown Source)
java.awt.Container.dispatchEventImpl(Unknown Source)
java.awt.Component.dispatchEvent(Unknown Source)
java.awt.LightweightDispatcher.retargetMouseEvent(Unknown Source)
java.awt.LightweightDispatcher.processMouseEvent(Unknown Source)
java.awt.LightweightDispatcher.dispatchEvent(Unknown Source)
java.awt.Container.dispatchEventImpl(Unknown Source)
java.awt.Window.dispatchEventImpl(Unknown Source)
java.awt.Component.dispatchEvent(Unknown Source)
java.awt.EventQueue.dispatchEvent(Unknown Source)
java.awt.EventDispatchThread.pumpOneEventForFilters(Unknown Source)
java.awt.EventDispatchThread.pumpEventsForFilter(Unknown Source)
java.awt.EventDispatchThread.pumpEventsForHierarchy(Unknown Source)
java.awt.EventDispatchThread.pumpEvents(Unknown Source)
java.awt.EventDispatchThread.pumpEvents(Unknown Source)
java.awt.EventDispatchThread.run(Unknown Source)
*************************************************************************
[2007-09-22 10:26:04] ERROR
Server returned HTTP response code: 500 for URL: http://localhost:8081/PhotoAlbum-Web/connection
sun.net.www.protocol.http.HttpURLConnection.getInputStream(Unknown Source)
photoalbum.network.NetworkConnection.getObjectInputStream(NetworkConnection.java:92)
photoalbum.network.NetworkConnection.readObject(NetworkConnection.java:107)
photoalbum.network.NetworkConnection.exchangeData(NetworkConnection.java:79)
photoalbum.network.NetworkConnection.getAllUsers(NetworkConnection.java:124)
photoalbum.gui.frames.MainFrame.loadTree(MainFrame.java:464)
photoalbum.gui.frames.MainFrame.refreshTree(MainFrame.java:662)
photoalbum.gui.frames.MainFrame.connect(MainFrame.java:446)
photoalbum.gui.frames.MainFrame.access$0(MainFrame.java:437)
photoalbum.gui.frames.MainFrame$2.run(MainFrame.java:431)
*************************************************************************
[2007-09-22 10:28:07] ERROR
Server returned HTTP response code: 500 for URL: http://localhost:8081/PhotoAlbum-Web/connection
sun.net.www.protocol.http.HttpURLConnection.getInputStream(Unknown Source)
photoalbum.network.NetworkConnection.getObjectInputStream(NetworkConnection.java:92)
photoalbum.network.NetworkConnection.readObject(NetworkConnection.java:107)
photoalbum.network.NetworkConnection.exchangeData(NetworkConnection.java:79)
photoalbum.network.NetworkConnection.getAllUsers(NetworkConnection.java:124)
photoalbum.gui.frames.MainFrame.loadTree(MainFrame.java:460)
photoalbum.gui.frames.MainFrame.refreshTree(MainFrame.java:658)
photoalbum.gui.frames.MainFrame.connect(MainFrame.java:442)
photoalbum.gui.frames.MainFrame.access$0(MainFrame.java:433)
photoalbum.gui.frames.MainFrame$2.run(MainFrame.java:426)
