#
# An unexpected error has been detected by Java Runtime Environment:
#
#  EXCEPTION_ACCESS_VIOLATION (0xc0000005) at pc=0x7c918fea, pid=3204, tid=1896
#
# Java VM: Java HotSpot(TM) Client VM (1.6.0_01-b06 mixed mode)
# Problematic frame:
# C  [ntdll.dll+0x18fea]
#
# If you would like to submit a bug report, please visit:
#   http://java.sun.com/webapps/bugreport/crash.jsp
#

---------------  T H R E A D  ---------------

Current thread (0x0aa94c00):  JavaThread "JDWP Command Reader" daemon [_thread_in_native, id=1896]

siginfo: ExceptionCode=0xc0000005, writing address 0x00000010

Registers:
EAX=0x00000000, EBX=0x00000000, ECX=0x00002a00, EDX=0x0ace62e4
ESP=0x0af4fbf0, EBP=0x0af4fc64, ESI=0x0ace62d4, EDI=0x00000000
EIP=0x7c918fea, EFLAGS=0x00010246

Top of Stack: (sp=0x0af4fbf0)
0x0af4fbf0:   0acb3ea0 00000000 00000000 ffb3b4c0
0x0af4fc00:   ffffffff 0009ebe8 00000000 00000000
0x0af4fc10:   0af4fc88 71a557c9 00002ce0 00002d5c
0x0af4fc20:   00000002 71a544b0 0af4fd14 0af4fd20
0x0af4fc30:   00000001 0af4fcfc 00000001 00000000
0x0af4fc40:   00000020 0af4fd08 0af4fd0c 00000000
0x0af4fc50:   00000000 00002ce0 00000000 00000000
0x0af4fc60:   00002a00 0af4fcfc 7c90104b 00ce62d4 

Instructions: (pc=0x7c918fea)
0x7c918fda:   8b 46 10 3b c3 89 45 fc 0f 84 9e 00 00 00 8b 06
0x7c918fea:   ff 40 10 8b 45 fc 83 e0 01 89 45 e8 8b 06 ff 40 


Stack: [0x0af00000,0x0af50000),  sp=0x0af4fbf0,  free space=318k
Native frames: (J=compiled Java code, j=interpreted, Vv=VM code, C=native code)
C  [ntdll.dll+0x18fea]
C  [ntdll.dll+0x104b]


---------------  P R O C E S S  ---------------

Java Threads: ( => current thread )
  0x0aac1400 JavaThread "Image Fetcher 0" daemon [_thread_blocked, id=1120]
  0x0b1afc00 JavaThread "TimerQueue" daemon [_thread_blocked, id=3528]
  0x00386c00 JavaThread "DestroyJavaVM" [_thread_blocked, id=3396]
  0x0b110c00 JavaThread "AWT-EventQueue-0" [_thread_blocked, id=3316]
  0x0b10d000 JavaThread "AWT-Shutdown" [_thread_blocked, id=1760]
  0x0b10c000 JavaThread "Java2D Disposer" daemon [_thread_blocked, id=3904]
  0x0aaa2400 JavaThread "Low Memory Detector" daemon [_thread_blocked, id=1496]
  0x0aaa1000 JavaThread "CompilerThread0" daemon [_thread_blocked, id=4076]
=>0x0aa94c00 JavaThread "JDWP Command Reader" daemon [_thread_in_native, id=1896]
  0x0aa93800 JavaThread "JDWP Event Helper Thread" daemon [_thread_blocked, id=4060]
  0x0aa91800 JavaThread "JDWP Transport Listener: dt_socket" daemon [_thread_blocked, id=4056]
  0x0aa86400 JavaThread "Attach Listener" daemon [_thread_blocked, id=3916]
  0x0aa85400 JavaThread "Signal Dispatcher" daemon [_thread_blocked, id=3912]
  0x0aa77400 JavaThread "Finalizer" daemon [_thread_blocked, id=3732]
  0x0aa73000 JavaThread "Reference Handler" daemon [_thread_blocked, id=3888]

Other Threads:
  0x0aa6fc00 VMThread [id=3520]

VM state:at safepoint (normal execution)

VM Mutex/Monitor currently owned by a thread:  ([mutex/lock_event])
[0x00385758/0x00002f1c] Threads_lock - owner thread: 0x0aa6fc00

Heap
 def new generation   total 960K, used 657K [0x02960000, 0x02a60000, 0x02e40000)
  eden space 896K,  66% used [0x02960000, 0x029f4640, 0x02a40000)
  from space 64K, 100% used [0x02a50000, 0x02a60000, 0x02a60000)
  to   space 64K,   0% used [0x02a40000, 0x02a40000, 0x02a50000)
 tenured generation   total 4096K, used 685K [0x02e40000, 0x03240000, 0x06960000)
   the space 4096K,  16% used [0x02e40000, 0x02eeb4d0, 0x02eeb600, 0x03240000)
 compacting perm gen  total 12288K, used 9500K [0x06960000, 0x07560000, 0x0a960000)
   the space 12288K,  77% used [0x06960000, 0x072a72e8, 0x072a7400, 0x07560000)
No shared spaces configured.

Dynamic libraries:
0x00400000 - 0x00423000 	C:\Program Files\Java\jre1.6.0_01\bin\javaw.exe
0x7c900000 - 0x7c9b0000 	C:\WINDOWS\system32\ntdll.dll
0x7c800000 - 0x7c8f4000 	C:\WINDOWS\system32\kernel32.dll
0x77dd0000 - 0x77e6b000 	C:\WINDOWS\system32\ADVAPI32.dll
0x77e70000 - 0x77f01000 	C:\WINDOWS\system32\RPCRT4.dll
0x7e410000 - 0x7e4a0000 	C:\WINDOWS\system32\USER32.dll
0x77f10000 - 0x77f57000 	C:\WINDOWS\system32\GDI32.dll
0x76390000 - 0x763ad000 	C:\WINDOWS\system32\IMM32.DLL
0x7c340000 - 0x7c396000 	C:\Program Files\Java\jre1.6.0_01\bin\msvcr71.dll
0x6d7c0000 - 0x6da07000 	C:\Program Files\Java\jre1.6.0_01\bin\client\jvm.dll
0x76b40000 - 0x76b6d000 	C:\WINDOWS\system32\WINMM.dll
0x6d310000 - 0x6d318000 	C:\Program Files\Java\jre1.6.0_01\bin\hpi.dll
0x76bf0000 - 0x76bfb000 	C:\WINDOWS\system32\PSAPI.DLL
0x6d400000 - 0x6d429000 	C:\Program Files\Java\jre1.6.0_01\bin\jdwp.dll
0x6d6c0000 - 0x6d6c6000 	C:\Program Files\Java\jre1.6.0_01\bin\npt.dll
0x6d770000 - 0x6d77c000 	C:\Program Files\Java\jre1.6.0_01\bin\verify.dll
0x6d3b0000 - 0x6d3cf000 	C:\Program Files\Java\jre1.6.0_01\bin\java.dll
0x6d7b0000 - 0x6d7bf000 	C:\Program Files\Java\jre1.6.0_01\bin\zip.dll
0x6d280000 - 0x6d287000 	C:\Program Files\Java\jre1.6.0_01\bin\dt_socket.dll
0x71ab0000 - 0x71ac7000 	C:\WINDOWS\system32\WS2_32.dll
0x77c10000 - 0x77c68000 	C:\WINDOWS\system32\msvcrt.dll
0x71aa0000 - 0x71aa8000 	C:\WINDOWS\system32\WS2HELP.dll
0x71a50000 - 0x71a8f000 	C:\WINDOWS\System32\mswsock.dll
0x76f20000 - 0x76f47000 	C:\WINDOWS\system32\DNSAPI.dll
0x76fb0000 - 0x76fb8000 	C:\WINDOWS\System32\winrnr.dll
0x76f60000 - 0x76f8c000 	C:\WINDOWS\system32\WLDAP32.dll
0x76fc0000 - 0x76fc6000 	C:\WINDOWS\system32\rasadhlp.dll
0x20b00000 - 0x20b45000 	C:\WINDOWS\system32\imon.dll
0x71ad0000 - 0x71ad9000 	C:\WINDOWS\system32\WSOCK32.dll
0x77690000 - 0x776b1000 	C:\WINDOWS\system32\NTMARTA.DLL
0x774e0000 - 0x7761d000 	C:\WINDOWS\system32\ole32.dll
0x71bf0000 - 0x71c03000 	C:\WINDOWS\system32\SAMLIB.dll
0x662b0000 - 0x66308000 	C:\WINDOWS\system32\hnetcfg.dll
0x71a90000 - 0x71a98000 	C:\WINDOWS\System32\wshtcpip.dll
0x6d000000 - 0x6d1c3000 	C:\Program Files\Java\jre1.6.0_01\bin\awt.dll
0x73000000 - 0x73026000 	C:\WINDOWS\system32\WINSPOOL.DRV
0x5ad70000 - 0x5ada8000 	C:\WINDOWS\system32\uxtheme.dll
0x73760000 - 0x737a9000 	C:\WINDOWS\system32\ddraw.dll
0x73bc0000 - 0x73bc6000 	C:\WINDOWS\system32\DCIMAN32.dll
0x74720000 - 0x7476b000 	C:\WINDOWS\system32\MSCTF.dll
0x755c0000 - 0x755ee000 	C:\WINDOWS\system32\msctfime.ime
0x6d2b0000 - 0x6d303000 	C:\Program Files\Java\jre1.6.0_01\bin\fontmanager.dll
0x7c9c0000 - 0x7d1d5000 	C:\WINDOWS\system32\shell32.dll
0x77f60000 - 0x77fd6000 	C:\WINDOWS\system32\SHLWAPI.dll
0x773d0000 - 0x774d3000 	C:\WINDOWS\WinSxS\x86_Microsoft.Windows.Common-Controls_6595b64144ccf1df_6.0.2600.2982_x-ww_ac3f9c03\comctl32.dll
0x5d090000 - 0x5d12a000 	C:\WINDOWS\system32\comctl32.dll
0x6d570000 - 0x6d583000 	C:\Program Files\Java\jre1.6.0_01\bin\net.dll
0x6d590000 - 0x6d599000 	C:\Program Files\Java\jre1.6.0_01\bin\nio.dll
0x605d0000 - 0x605d9000 	C:\WINDOWS\system32\mslbui.dll

VM Arguments:
jvm_args: -agentlib:jdwp=transport=dt_socket,suspend=y,address=localhost:1410
java_command: photoalbum.gui.frames.MainFrame
Launcher Type: SUN_STANDARD

Environment Variables:
JAVA_HOME=C:\Progra~1\Java\jdk1.6.0
JRE_HOME=C:\Progra~1\Java\jre1.6.0_01
CLASSPATH=C:\Program Files\K-Lite Codec Pack\QuickTime\QTSystem\QTJava.zip
PATH=C:\WINDOWS\system32;C:\WINDOWS;C:\WINDOWS\System32\Wbem;C:\Program Files\K-Lite Codec Pack\QuickTime\QTSystem\;c:\Program Files\xampp\mysql\bin
USERNAME=rosen_local
OS=Windows_NT
PROCESSOR_IDENTIFIER=x86 Family 6 Model 13 Stepping 8, GenuineIntel



---------------  S Y S T E M  ---------------

OS: Windows XP Build 2600 Service Pack 2

CPU:total 1 family 6, cmov, cx8, fxsr, mmx, sse, sse2

Memory: 4k page, physical 456944k(39628k free), swap 1081736k(610296k free)

vm_info: Java HotSpot(TM) Client VM (1.6.0_01-b06) for windows-x86, built on Mar 14 2007 00:24:02 by "java_re" with unknown MS VC++:1310

